[0.115s] DEBUG:colcon:Command line arguments: ['/usr/bin/colcon', 'build', '--packages-select', 'aruco_detection', '--cmake-clean-cache']
[0.115s] DEBUG:colcon:Parsed command line arguments: Namespace(log_base=None, log_level=None, verb_name='build', build_base='build', install_base='install', merge_install=False, symlink_install=False, test_result_base=None, continue_on_error=False, executor='parallel', parallel_workers=22, event_handlers=None, ignore_user_meta=False, metas=['./colcon.meta'], base_paths=['.'], packages_ignore=None, packages_ignore_regex=None, paths=None, packages_up_to=None, packages_up_to_regex=None, packages_above=None, packages_above_and_dependencies=None, packages_above_depth=None, packages_select_by_dep=None, packages_skip_by_dep=None, packages_skip_up_to=None, packages_select_build_failed=False, packages_skip_build_finished=False, packages_select_test_failures=False, packages_skip_test_passed=False, packages_select=['aruco_detection'], packages_skip=None, packages_select_regex=None, packages_skip_regex=None, packages_start=None, packages_end=None, allow_overriding=[], cmake_args=None, cmake_target=None, cmake_target_skip_unavailable=False, cmake_clean_cache=True, cmake_clean_first=False, cmake_force_configure=False, ament_cmake_args=None, catkin_cmake_args=None, catkin_skip_building_tests=False, mixin_files=None, mixin=None, verb_parser=<colcon_mixin.mixin.mixin_argument.MixinArgumentDecorator object at 0x71d599d86230>, verb_extension=<colcon_core.verb.build.BuildVerb object at 0x71d599d85d80>, main=<bound method BuildVerb.main of <colcon_core.verb.build.BuildVerb object at 0x71d599d85d80>>, mixin_verb=('build',))
[0.300s] Level 1:colcon.colcon_core.package_discovery:discover_packages(colcon_meta) check parameters
[0.300s] Level 1:colcon.colcon_core.package_discovery:discover_packages(recursive) check parameters
[0.300s] Level 1:colcon.colcon_core.package_discovery:discover_packages(ignore) check parameters
[0.300s] Level 1:colcon.colcon_core.package_discovery:discover_packages(path) check parameters
[0.300s] Level 1:colcon.colcon_core.package_discovery:discover_packages(colcon_meta) discover
[0.300s] Level 1:colcon.colcon_core.package_discovery:discover_packages(recursive) discover
[0.300s] INFO:colcon.colcon_core.package_discovery:Crawling recursively for packages in '/home/mayuresh/turtlebot3_ws/src/aruco_detection'
[0.300s] Level 1:colcon.colcon_core.package_identification:_identify(.) by extensions ['ignore', 'ignore_ament_install']
[0.300s] Level 1:colcon.colcon_core.package_identification:_identify(.) by extension 'ignore'
[0.300s] Level 1:colcon.colcon_core.package_identification:_identify(.) by extension 'ignore_ament_install'
[0.300s] Level 1:colcon.colcon_core.package_identification:_identify(.) by extensions ['colcon_pkg']
[0.300s] Level 1:colcon.colcon_core.package_identification:_identify(.) by extension 'colcon_pkg'
[0.300s] Level 1:colcon.colcon_core.package_identification:_identify(.) by extensions ['colcon_meta']
[0.300s] Level 1:colcon.colcon_core.package_identification:_identify(.) by extension 'colcon_meta'
[0.300s] Level 1:colcon.colcon_core.package_identification:_identify(.) by extensions ['ros']
[0.300s] Level 1:colcon.colcon_core.package_identification:_identify(.) by extension 'ros'
[0.343s] DEBUG:colcon.colcon_core.package_identification:Package '.' with type 'ros.ament_python' and name 'aruco_detection'
[0.343s] Level 1:colcon.colcon_core.package_discovery:discover_packages(recursive) using defaults
[0.343s] Level 1:colcon.colcon_core.package_discovery:discover_packages(ignore) discover
[0.343s] Level 1:colcon.colcon_core.package_discovery:discover_packages(ignore) using defaults
[0.343s] Level 1:colcon.colcon_core.package_discovery:discover_packages(path) discover
[0.343s] Level 1:colcon.colcon_core.package_discovery:discover_packages(path) using defaults
[0.365s] Level 1:colcon.colcon_core.package_discovery:discover_packages(prefix_path) check parameters
[0.365s] Level 1:colcon.colcon_core.package_discovery:discover_packages(prefix_path) discover
[0.367s] DEBUG:colcon.colcon_installed_package_information.package_discovery:Found 1 installed packages in /home/mayuresh/turtlebot3_ws/src/aruco_detection/install
[0.368s] DEBUG:colcon.colcon_installed_package_information.package_discovery:Found 25 installed packages in /home/mayuresh/turtlebot3_ws/install
[0.369s] DEBUG:colcon.colcon_installed_package_information.package_discovery:Found 1 installed packages in /home/mayuresh/turtlebot3_ws/src/my_explorer/install
[0.369s] DEBUG:colcon.colcon_installed_package_information.package_discovery:Found 4 installed packages in /home/mayuresh/install
[0.371s] DEBUG:colcon.colcon_installed_package_information.package_discovery:Found 402 installed packages in /opt/ros/humble
[0.373s] Level 1:colcon.colcon_core.package_discovery:discover_packages(prefix_path) using defaults
[0.421s] Level 5:colcon.colcon_core.verb:set package 'aruco_detection' build argument 'cmake_args' from command line to 'None'
[0.422s] Level 5:colcon.colcon_core.verb:set package 'aruco_detection' build argument 'cmake_target' from command line to 'None'
[0.422s] Level 5:colcon.colcon_core.verb:set package 'aruco_detection' build argument 'cmake_target_skip_unavailable' from command line to 'False'
[0.422s] Level 5:colcon.colcon_core.verb:set package 'aruco_detection' build argument 'cmake_clean_cache' from command line to 'True'
[0.422s] Level 5:colcon.colcon_core.verb:set package 'aruco_detection' build argument 'cmake_clean_first' from command line to 'False'
[0.422s] Level 5:colcon.colcon_core.verb:set package 'aruco_detection' build argument 'cmake_force_configure' from command line to 'False'
[0.422s] Level 5:colcon.colcon_core.verb:set package 'aruco_detection' build argument 'ament_cmake_args' from command line to 'None'
[0.422s] Level 5:colcon.colcon_core.verb:set package 'aruco_detection' build argument 'catkin_cmake_args' from command line to 'None'
[0.422s] Level 5:colcon.colcon_core.verb:set package 'aruco_detection' build argument 'catkin_skip_building_tests' from command line to 'False'
[0.422s] DEBUG:colcon.colcon_core.verb:Building package 'aruco_detection' with the following arguments: {'ament_cmake_args': None, 'build_base': '/home/mayuresh/turtlebot3_ws/src/aruco_detection/build/aruco_detection', 'catkin_cmake_args': None, 'catkin_skip_building_tests': False, 'cmake_args': None, 'cmake_clean_cache': True, 'cmake_clean_first': False, 'cmake_force_configure': False, 'cmake_target': None, 'cmake_target_skip_unavailable': False, 'install_base': '/home/mayuresh/turtlebot3_ws/src/aruco_detection/install/aruco_detection', 'merge_install': False, 'path': '/home/mayuresh/turtlebot3_ws/src/aruco_detection', 'symlink_install': False, 'test_result_base': None}
[0.422s] INFO:colcon.colcon_core.executor:Executing jobs using 'parallel' executor
[0.423s] DEBUG:colcon.colcon_parallel_executor.executor.parallel:run_until_complete
[0.423s] INFO:colcon.colcon_ros.task.ament_python.build:Building ROS package in '/home/mayuresh/turtlebot3_ws/src/aruco_detection' with build type 'ament_python'
[0.423s] Level 1:colcon.colcon_core.shell:create_environment_hook('aruco_detection', 'ament_prefix_path')
[0.425s] INFO:colcon.colcon_core.plugin_system:Skipping extension 'colcon_core.shell.bat': Not used on non-Windows systems
[0.426s] INFO:colcon.colcon_core.shell:Creating environment hook '/home/mayuresh/turtlebot3_ws/src/aruco_detection/install/aruco_detection/share/aruco_detection/hook/ament_prefix_path.ps1'
[0.426s] INFO:colcon.colcon_core.shell:Creating environment descriptor '/home/mayuresh/turtlebot3_ws/src/aruco_detection/install/aruco_detection/share/aruco_detection/hook/ament_prefix_path.dsv'
[0.427s] INFO:colcon.colcon_core.shell:Creating environment hook '/home/mayuresh/turtlebot3_ws/src/aruco_detection/install/aruco_detection/share/aruco_detection/hook/ament_prefix_path.sh'
[0.427s] INFO:colcon.colcon_core.shell:Skip shell extension 'powershell' for command environment: Not usable outside of PowerShell
[0.427s] DEBUG:colcon.colcon_core.shell:Skip shell extension 'dsv' for command environment
[0.714s] INFO:colcon.colcon_core.task.python.build:Building Python package in '/home/mayuresh/turtlebot3_ws/src/aruco_detection'
[0.715s] INFO:colcon.colcon_core.shell:Skip shell extension 'powershell' for command environment: Not usable outside of PowerShell
[0.715s] DEBUG:colcon.colcon_core.shell:Skip shell extension 'dsv' for command environment
[1.097s] DEBUG:colcon.colcon_core.event_handler.log_command:Invoking command in '/home/mayuresh/turtlebot3_ws/src/aruco_detection': PYTHONPATH=/home/mayuresh/turtlebot3_ws/src/aruco_detection/build/aruco_detection/prefix_override:/usr/lib/python3/dist-packages/colcon_core/task/python/colcon_distutils_commands:/home/mayuresh/turtlebot3_ws/src/aruco_detection/install/aruco_detection/lib/python3.10/site-packages:${PYTHONPATH} /usr/bin/python3 -W ignore:setup.py install is deprecated -W ignore:easy_install command is deprecated setup.py egg_info --egg-base build/aruco_detection build --build-base /home/mayuresh/turtlebot3_ws/src/aruco_detection/build/aruco_detection/build install --record /home/mayuresh/turtlebot3_ws/src/aruco_detection/build/aruco_detection/install.log --single-version-externally-managed install_data
[1.426s] DEBUG:colcon.colcon_core.event_handler.log_command:Invoked command in '/home/mayuresh/turtlebot3_ws/src/aruco_detection' returned '0': PYTHONPATH=/home/mayuresh/turtlebot3_ws/src/aruco_detection/build/aruco_detection/prefix_override:/usr/lib/python3/dist-packages/colcon_core/task/python/colcon_distutils_commands:/home/mayuresh/turtlebot3_ws/src/aruco_detection/install/aruco_detection/lib/python3.10/site-packages:${PYTHONPATH} /usr/bin/python3 -W ignore:setup.py install is deprecated -W ignore:easy_install command is deprecated setup.py egg_info --egg-base build/aruco_detection build --build-base /home/mayuresh/turtlebot3_ws/src/aruco_detection/build/aruco_detection/build install --record /home/mayuresh/turtlebot3_ws/src/aruco_detection/build/aruco_detection/install.log --single-version-externally-managed install_data
[1.430s] Level 1:colcon.colcon_core.environment:checking '/home/mayuresh/turtlebot3_ws/src/aruco_detection/install/aruco_detection' for CMake module files
[1.432s] Level 1:colcon.colcon_core.environment:checking '/home/mayuresh/turtlebot3_ws/src/aruco_detection/install/aruco_detection' for CMake config files
[1.434s] Level 1:colcon.colcon_core.environment:checking '/home/mayuresh/turtlebot3_ws/src/aruco_detection/install/aruco_detection/lib'
[1.434s] Level 1:colcon.colcon_core.environment:checking '/home/mayuresh/turtlebot3_ws/src/aruco_detection/install/aruco_detection/bin'
[1.434s] Level 1:colcon.colcon_core.environment:checking '/home/mayuresh/turtlebot3_ws/src/aruco_detection/install/aruco_detection/lib/pkgconfig/aruco_detection.pc'
[1.435s] Level 1:colcon.colcon_core.environment:checking '/home/mayuresh/turtlebot3_ws/src/aruco_detection/install/aruco_detection/lib/python3.10/site-packages'
[1.435s] Level 1:colcon.colcon_core.shell:create_environment_hook('aruco_detection', 'pythonpath')
[1.435s] INFO:colcon.colcon_core.shell:Creating environment hook '/home/mayuresh/turtlebot3_ws/src/aruco_detection/install/aruco_detection/share/aruco_detection/hook/pythonpath.ps1'
[1.436s] INFO:colcon.colcon_core.shell:Creating environment descriptor '/home/mayuresh/turtlebot3_ws/src/aruco_detection/install/aruco_detection/share/aruco_detection/hook/pythonpath.dsv'
[1.436s] INFO:colcon.colcon_core.shell:Creating environment hook '/home/mayuresh/turtlebot3_ws/src/aruco_detection/install/aruco_detection/share/aruco_detection/hook/pythonpath.sh'
[1.437s] Level 1:colcon.colcon_core.environment:checking '/home/mayuresh/turtlebot3_ws/src/aruco_detection/install/aruco_detection/bin'
[1.437s] Level 1:colcon.colcon_core.environment:create_environment_scripts_only(aruco_detection)
[1.437s] INFO:colcon.colcon_core.shell:Creating package script '/home/mayuresh/turtlebot3_ws/src/aruco_detection/install/aruco_detection/share/aruco_detection/package.ps1'
[1.438s] INFO:colcon.colcon_core.shell:Creating package descriptor '/home/mayuresh/turtlebot3_ws/src/aruco_detection/install/aruco_detection/share/aruco_detection/package.dsv'
[1.439s] INFO:colcon.colcon_core.shell:Creating package script '/home/mayuresh/turtlebot3_ws/src/aruco_detection/install/aruco_detection/share/aruco_detection/package.sh'
[1.440s] INFO:colcon.colcon_core.shell:Creating package script '/home/mayuresh/turtlebot3_ws/src/aruco_detection/install/aruco_detection/share/aruco_detection/package.bash'
[1.440s] INFO:colcon.colcon_core.shell:Creating package script '/home/mayuresh/turtlebot3_ws/src/aruco_detection/install/aruco_detection/share/aruco_detection/package.zsh'
[1.441s] Level 1:colcon.colcon_core.environment:create_file_with_runtime_dependencies(/home/mayuresh/turtlebot3_ws/src/aruco_detection/install/aruco_detection/share/colcon-core/packages/aruco_detection)
[1.441s] DEBUG:colcon.colcon_parallel_executor.executor.parallel:closing loop
[1.442s] DEBUG:colcon.colcon_parallel_executor.executor.parallel:loop closed
[1.442s] DEBUG:colcon.colcon_parallel_executor.executor.parallel:run_until_complete finished with '0'
[1.442s] DEBUG:colcon.colcon_core.event_reactor:joining thread
[1.447s] INFO:colcon.colcon_core.plugin_system:Skipping extension 'colcon_notification.desktop_notification.terminal_notifier': Not used on non-Darwin systems
[1.447s] INFO:colcon.colcon_core.plugin_system:Skipping extension 'colcon_notification.desktop_notification.win32': Not used on non-Windows systems
[1.447s] INFO:colcon.colcon_notification.desktop_notification:Sending desktop notification using 'notify2'
[1.462s] DEBUG:colcon.colcon_core.event_reactor:joined thread
[1.463s] INFO:colcon.colcon_core.shell:Creating prefix script '/home/mayuresh/turtlebot3_ws/src/aruco_detection/install/local_setup.ps1'
[1.464s] INFO:colcon.colcon_core.shell:Creating prefix util module '/home/mayuresh/turtlebot3_ws/src/aruco_detection/install/_local_setup_util_ps1.py'
[1.465s] INFO:colcon.colcon_core.shell:Creating prefix chain script '/home/mayuresh/turtlebot3_ws/src/aruco_detection/install/setup.ps1'
[1.467s] INFO:colcon.colcon_core.shell:Creating prefix script '/home/mayuresh/turtlebot3_ws/src/aruco_detection/install/local_setup.sh'
[1.468s] INFO:colcon.colcon_core.shell:Creating prefix util module '/home/mayuresh/turtlebot3_ws/src/aruco_detection/install/_local_setup_util_sh.py'
[1.468s] INFO:colcon.colcon_core.shell:Creating prefix chain script '/home/mayuresh/turtlebot3_ws/src/aruco_detection/install/setup.sh'
[1.470s] INFO:colcon.colcon_core.shell:Creating prefix script '/home/mayuresh/turtlebot3_ws/src/aruco_detection/install/local_setup.bash'
[1.470s] INFO:colcon.colcon_core.shell:Creating prefix chain script '/home/mayuresh/turtlebot3_ws/src/aruco_detection/install/setup.bash'
[1.472s] INFO:colcon.colcon_core.shell:Creating prefix script '/home/mayuresh/turtlebot3_ws/src/aruco_detection/install/local_setup.zsh'
[1.472s] INFO:colcon.colcon_core.shell:Creating prefix chain script '/home/mayuresh/turtlebot3_ws/src/aruco_detection/install/setup.zsh'
