[0.688s] Invoking command in '/home/mayuresh/turtlebot3_ws/src/aruco_detection': PYTHONPATH=/home/mayuresh/turtlebot3_ws/src/aruco_detection/build/aruco_detection/prefix_override:/usr/lib/python3/dist-packages/colcon_core/task/python/colcon_distutils_commands:/home/mayuresh/turtlebot3_ws/src/aruco_detection/install/aruco_detection/lib/python3.10/site-packages:${PYTHONPATH} /usr/bin/python3 -W ignore:setup.py install is deprecated -W ignore:easy_install command is deprecated setup.py egg_info --egg-base build/aruco_detection build --build-base /home/mayuresh/turtlebot3_ws/src/aruco_detection/build/aruco_detection/build install --record /home/mayuresh/turtlebot3_ws/src/aruco_detection/build/aruco_detection/install.log --single-version-externally-managed install_data
[0.948s] running egg_info
[0.949s] writing build/aruco_detection/aruco_detection.egg-info/PKG-INFO
[0.949s] writing dependency_links to build/aruco_detection/aruco_detection.egg-info/dependency_links.txt
[0.950s] writing entry points to build/aruco_detection/aruco_detection.egg-info/entry_points.txt
[0.950s] writing requirements to build/aruco_detection/aruco_detection.egg-info/requires.txt
[0.950s] writing top-level names to build/aruco_detection/aruco_detection.egg-info/top_level.txt
[0.952s] reading manifest file 'build/aruco_detection/aruco_detection.egg-info/SOURCES.txt'
[0.953s] writing manifest file 'build/aruco_detection/aruco_detection.egg-info/SOURCES.txt'
[0.953s] running build
[0.953s] running build_py
[0.953s] copying aruco_detection/docking_base.py -> /home/mayuresh/turtlebot3_ws/src/aruco_detection/build/aruco_detection/build/lib/aruco_detection
[0.954s] running install
[0.954s] running install_lib
[0.955s] copying /home/mayuresh/turtlebot3_ws/src/aruco_detection/build/aruco_detection/build/lib/aruco_detection/docking_base.py -> /home/mayuresh/turtlebot3_ws/src/aruco_detection/install/aruco_detection/lib/python3.10/site-packages/aruco_detection
[0.956s] byte-compiling /home/mayuresh/turtlebot3_ws/src/aruco_detection/install/aruco_detection/lib/python3.10/site-packages/aruco_detection/docking_base.py to docking_base.cpython-310.pyc
[0.958s] running install_data
[0.958s] running install_egg_info
[0.960s] removing '/home/mayuresh/turtlebot3_ws/src/aruco_detection/install/aruco_detection/lib/python3.10/site-packages/aruco_detection-0.0.0-py3.10.egg-info' (and everything under it)
[0.960s] Copying build/aruco_detection/aruco_detection.egg-info to /home/mayuresh/turtlebot3_ws/src/aruco_detection/install/aruco_detection/lib/python3.10/site-packages/aruco_detection-0.0.0-py3.10.egg-info
[0.961s] running install_scripts
[0.982s] Installing camera_node script to /home/mayuresh/turtlebot3_ws/src/aruco_detection/install/aruco_detection/lib/aruco_detection
[0.982s] Installing docking_node script to /home/mayuresh/turtlebot3_ws/src/aruco_detection/install/aruco_detection/lib/aruco_detection
[0.983s] Installing mission_manager script to /home/mayuresh/turtlebot3_ws/src/aruco_detection/install/aruco_detection/lib/aruco_detection
[0.983s] Installing pnp_node script to /home/mayuresh/turtlebot3_ws/src/aruco_detection/install/aruco_detection/lib/aruco_detection
[0.983s] Installing servo_node script to /home/mayuresh/turtlebot3_ws/src/aruco_detection/install/aruco_detection/lib/aruco_detection
[0.983s] Installing task_a_node script to /home/mayuresh/turtlebot3_ws/src/aruco_detection/install/aruco_detection/lib/aruco_detection
[0.983s] Installing task_b_node script to /home/mayuresh/turtlebot3_ws/src/aruco_detection/install/aruco_detection/lib/aruco_detection
[0.983s] writing list of installed files to '/home/mayuresh/turtlebot3_ws/src/aruco_detection/build/aruco_detection/install.log'
[1.006s] Invoked command in '/home/mayuresh/turtlebot3_ws/src/aruco_detection' returned '0': PYTHONPATH=/home/mayuresh/turtlebot3_ws/src/aruco_detection/build/aruco_detection/prefix_override:/usr/lib/python3/dist-packages/colcon_core/task/python/colcon_distutils_commands:/home/mayuresh/turtlebot3_ws/src/aruco_detection/install/aruco_detection/lib/python3.10/site-packages:${PYTHONPATH} /usr/bin/python3 -W ignore:setup.py install is deprecated -W ignore:easy_install command is deprecated setup.py egg_info --egg-base build/aruco_detection build --build-base /home/mayuresh/turtlebot3_ws/src/aruco_detection/build/aruco_detection/build install --record /home/mayuresh/turtlebot3_ws/src/aruco_detection/build/aruco_detection/install.log --single-version-externally-managed install_data
