/home/mayuresh/turtlebot3_ws/src/aruco_detection/install/aruco_detection/lib/python3.10/site-packages/aruco_detection/servo.py
/home/mayuresh/turtlebot3_ws/src/aruco_detection/install/aruco_detection/lib/python3.10/site-packages/aruco_detection/aruco_detection_PNP.py
/home/mayuresh/turtlebot3_ws/src/aruco_detection/install/aruco_detection/lib/python3.10/site-packages/aruco_detection/servo_node.py
/home/mayuresh/turtlebot3_ws/src/aruco_detection/install/aruco_detection/lib/python3.10/site-packages/aruco_detection/aruco_detection.py
/home/mayuresh/turtlebot3_ws/src/aruco_detection/install/aruco_detection/lib/python3.10/site-packages/aruco_detection/docking_base.py
/home/mayuresh/turtlebot3_ws/src/aruco_detection/install/aruco_detection/lib/python3.10/site-packages/aruco_detection/docking_main.py
/home/mayuresh/turtlebot3_ws/src/aruco_detection/install/aruco_detection/lib/python3.10/site-packages/aruco_detection/docking_no_nav.py
/home/mayuresh/turtlebot3_ws/src/aruco_detection/install/aruco_detection/lib/python3.10/site-packages/aruco_detection/Task_B_Main.py
/home/mayuresh/turtlebot3_ws/src/aruco_detection/install/aruco_detection/lib/python3.10/site-packages/aruco_detection/__init__.py
/home/mayuresh/turtlebot3_ws/src/aruco_detection/install/aruco_detection/lib/python3.10/site-packages/aruco_detection/Task_A_Main.py
/home/mayuresh/turtlebot3_ws/src/aruco_detection/install/aruco_detection/lib/python3.10/site-packages/aruco_detection/test.py
/home/mayuresh/turtlebot3_ws/src/aruco_detection/install/aruco_detection/lib/python3.10/site-packages/aruco_detection/__pycache__/servo.cpython-310.pyc
/home/mayuresh/turtlebot3_ws/src/aruco_detection/install/aruco_detection/lib/python3.10/site-packages/aruco_detection/__pycache__/aruco_detection_PNP.cpython-310.pyc
/home/mayuresh/turtlebot3_ws/src/aruco_detection/install/aruco_detection/lib/python3.10/site-packages/aruco_detection/__pycache__/servo_node.cpython-310.pyc
/home/mayuresh/turtlebot3_ws/src/aruco_detection/install/aruco_detection/lib/python3.10/site-packages/aruco_detection/__pycache__/aruco_detection.cpython-310.pyc
/home/mayuresh/turtlebot3_ws/src/aruco_detection/install/aruco_detection/lib/python3.10/site-packages/aruco_detection/__pycache__/docking_base.cpython-310.pyc
/home/mayuresh/turtlebot3_ws/src/aruco_detection/install/aruco_detection/lib/python3.10/site-packages/aruco_detection/__pycache__/docking_main.cpython-310.pyc
/home/mayuresh/turtlebot3_ws/src/aruco_detection/install/aruco_detection/lib/python3.10/site-packages/aruco_detection/__pycache__/docking_no_nav.cpython-310.pyc
/home/mayuresh/turtlebot3_ws/src/aruco_detection/install/aruco_detection/lib/python3.10/site-packages/aruco_detection/__pycache__/Task_B_Main.cpython-310.pyc
/home/mayuresh/turtlebot3_ws/src/aruco_detection/install/aruco_detection/lib/python3.10/site-packages/aruco_detection/__pycache__/__init__.cpython-310.pyc
/home/mayuresh/turtlebot3_ws/src/aruco_detection/install/aruco_detection/lib/python3.10/site-packages/aruco_detection/__pycache__/Task_A_Main.cpython-310.pyc
/home/mayuresh/turtlebot3_ws/src/aruco_detection/install/aruco_detection/lib/python3.10/site-packages/aruco_detection/__pycache__/test.cpython-310.pyc
/home/mayuresh/turtlebot3_ws/src/aruco_detection/install/aruco_detection/share/ament_index/resource_index/packages/aruco_detection
/home/mayuresh/turtlebot3_ws/src/aruco_detection/install/aruco_detection/share/aruco_detection/package.xml
/home/mayuresh/turtlebot3_ws/src/aruco_detection/install/aruco_detection/share/aruco_detection/launch/laptop_launch_no_nav.py
/home/mayuresh/turtlebot3_ws/src/aruco_detection/install/aruco_detection/share/aruco_detection/launch/laptop.launch.py
/home/mayuresh/turtlebot3_ws/src/aruco_detection/install/aruco_detection/share/aruco_detection/launch/rpi.launch.py
/home/mayuresh/turtlebot3_ws/src/aruco_detection/install/aruco_detection/lib/python3.10/site-packages/aruco_detection/camera_calibration.npz
/home/mayuresh/turtlebot3_ws/src/aruco_detection/install/aruco_detection/lib/python3.10/site-packages/aruco_detection-0.0.0-py3.10.egg-info/entry_points.txt
/home/mayuresh/turtlebot3_ws/src/aruco_detection/install/aruco_detection/lib/python3.10/site-packages/aruco_detection-0.0.0-py3.10.egg-info/top_level.txt
/home/mayuresh/turtlebot3_ws/src/aruco_detection/install/aruco_detection/lib/python3.10/site-packages/aruco_detection-0.0.0-py3.10.egg-info/PKG-INFO
/home/mayuresh/turtlebot3_ws/src/aruco_detection/install/aruco_detection/lib/python3.10/site-packages/aruco_detection-0.0.0-py3.10.egg-info/requires.txt
/home/mayuresh/turtlebot3_ws/src/aruco_detection/install/aruco_detection/lib/python3.10/site-packages/aruco_detection-0.0.0-py3.10.egg-info/dependency_links.txt
/home/mayuresh/turtlebot3_ws/src/aruco_detection/install/aruco_detection/lib/python3.10/site-packages/aruco_detection-0.0.0-py3.10.egg-info/zip-safe
/home/mayuresh/turtlebot3_ws/src/aruco_detection/install/aruco_detection/lib/python3.10/site-packages/aruco_detection-0.0.0-py3.10.egg-info/SOURCES.txt
/home/mayuresh/turtlebot3_ws/src/aruco_detection/install/aruco_detection/lib/aruco_detection/camera_node
/home/mayuresh/turtlebot3_ws/src/aruco_detection/install/aruco_detection/lib/aruco_detection/docking_no_nav
/home/mayuresh/turtlebot3_ws/src/aruco_detection/install/aruco_detection/lib/aruco_detection/docking_node
/home/mayuresh/turtlebot3_ws/src/aruco_detection/install/aruco_detection/lib/aruco_detection/mission_manager
/home/mayuresh/turtlebot3_ws/src/aruco_detection/install/aruco_detection/lib/aruco_detection/pnp_node
/home/mayuresh/turtlebot3_ws/src/aruco_detection/install/aruco_detection/lib/aruco_detection/servo_node
/home/mayuresh/turtlebot3_ws/src/aruco_detection/install/aruco_detection/lib/aruco_detection/task_a_node
/home/mayuresh/turtlebot3_ws/src/aruco_detection/install/aruco_detection/lib/aruco_detection/task_b_node
