[0.744s] Invoking command in '/home/mayuresh/turtlebot3_ws/src/aruco_detection': PYTHONPATH=/home/mayuresh/turtlebot3_ws/src/aruco_detection/build/aruco_detection/prefix_override:/usr/lib/python3/dist-packages/colcon_core/task/python/colcon_distutils_commands:/home/mayuresh/turtlebot3_ws/src/aruco_detection/install/aruco_detection/lib/python3.10/site-packages:${PYTHONPATH} /usr/bin/python3 -W ignore:setup.py install is deprecated -W ignore:easy_install command is deprecated setup.py egg_info --egg-base build/aruco_detection build --build-base /home/mayuresh/turtlebot3_ws/src/aruco_detection/build/aruco_detection/build install --record /home/mayuresh/turtlebot3_ws/src/aruco_detection/build/aruco_detection/install.log --single-version-externally-managed install_data
[1.023s] running egg_info
[1.024s] writing build/aruco_detection/aruco_detection.egg-info/PKG-INFO
[1.024s] writing dependency_links to build/aruco_detection/aruco_detection.egg-info/dependency_links.txt
[1.024s] writing entry points to build/aruco_detection/aruco_detection.egg-info/entry_points.txt
[1.024s] writing requirements to build/aruco_detection/aruco_detection.egg-info/requires.txt
[1.024s] writing top-level names to build/aruco_detection/aruco_detection.egg-info/top_level.txt
[1.026s] reading manifest file 'build/aruco_detection/aruco_detection.egg-info/SOURCES.txt'
[1.027s] writing manifest file 'build/aruco_detection/aruco_detection.egg-info/SOURCES.txt'
[1.027s] running build
[1.027s] running build_py
[1.027s] copying aruco_detection/docking_no_nav.py -> /home/mayuresh/turtlebot3_ws/src/aruco_detection/build/aruco_detection/build/lib/aruco_detection
[1.028s] running install
[1.028s] running install_lib
[1.029s] copying /home/mayuresh/turtlebot3_ws/src/aruco_detection/build/aruco_detection/build/lib/aruco_detection/docking_no_nav.py -> /home/mayuresh/turtlebot3_ws/src/aruco_detection/install/aruco_detection/lib/python3.10/site-packages/aruco_detection
[1.030s] byte-compiling /home/mayuresh/turtlebot3_ws/src/aruco_detection/install/aruco_detection/lib/python3.10/site-packages/aruco_detection/docking_no_nav.py to docking_no_nav.cpython-310.pyc
[1.031s] running install_data
[1.031s] copying launch/laptop_launch_no_nav.py -> /home/mayuresh/turtlebot3_ws/src/aruco_detection/install/aruco_detection/share/aruco_detection/launch
[1.031s] running install_egg_info
[1.033s] removing '/home/mayuresh/turtlebot3_ws/src/aruco_detection/install/aruco_detection/lib/python3.10/site-packages/aruco_detection-0.0.0-py3.10.egg-info' (and everything under it)
[1.034s] Copying build/aruco_detection/aruco_detection.egg-info to /home/mayuresh/turtlebot3_ws/src/aruco_detection/install/aruco_detection/lib/python3.10/site-packages/aruco_detection-0.0.0-py3.10.egg-info
[1.034s] running install_scripts
[1.060s] Installing camera_node script to /home/mayuresh/turtlebot3_ws/src/aruco_detection/install/aruco_detection/lib/aruco_detection
[1.060s] Installing docking_no_nav script to /home/mayuresh/turtlebot3_ws/src/aruco_detection/install/aruco_detection/lib/aruco_detection
[1.060s] Installing docking_node script to /home/mayuresh/turtlebot3_ws/src/aruco_detection/install/aruco_detection/lib/aruco_detection
[1.060s] Installing mission_manager script to /home/mayuresh/turtlebot3_ws/src/aruco_detection/install/aruco_detection/lib/aruco_detection
[1.061s] Installing pnp_node script to /home/mayuresh/turtlebot3_ws/src/aruco_detection/install/aruco_detection/lib/aruco_detection
[1.061s] Installing servo_node script to /home/mayuresh/turtlebot3_ws/src/aruco_detection/install/aruco_detection/lib/aruco_detection
[1.061s] Installing task_a_node script to /home/mayuresh/turtlebot3_ws/src/aruco_detection/install/aruco_detection/lib/aruco_detection
[1.061s] Installing task_b_node script to /home/mayuresh/turtlebot3_ws/src/aruco_detection/install/aruco_detection/lib/aruco_detection
[1.061s] writing list of installed files to '/home/mayuresh/turtlebot3_ws/src/aruco_detection/build/aruco_detection/install.log'
[1.087s] Invoked command in '/home/mayuresh/turtlebot3_ws/src/aruco_detection' returned '0': PYTHONPATH=/home/mayuresh/turtlebot3_ws/src/aruco_detection/build/aruco_detection/prefix_override:/usr/lib/python3/dist-packages/colcon_core/task/python/colcon_distutils_commands:/home/mayuresh/turtlebot3_ws/src/aruco_detection/install/aruco_detection/lib/python3.10/site-packages:${PYTHONPATH} /usr/bin/python3 -W ignore:setup.py install is deprecated -W ignore:easy_install command is deprecated setup.py egg_info --egg-base build/aruco_detection build --build-base /home/mayuresh/turtlebot3_ws/src/aruco_detection/build/aruco_detection/build install --record /home/mayuresh/turtlebot3_ws/src/aruco_detection/build/aruco_detection/install.log --single-version-externally-managed install_data
