[0.672s] Invoking command in '/home/mayuresh/turtlebot3_ws/src/aruco_detection': PYTHONPATH=/home/mayuresh/turtlebot3_ws/src/aruco_detection/build/aruco_detection/prefix_override:/usr/lib/python3/dist-packages/colcon_core/task/python/colcon_distutils_commands:/home/mayuresh/turtlebot3_ws/src/aruco_detection/install/aruco_detection/lib/python3.10/site-packages:${PYTHONPATH} /usr/bin/python3 -W ignore:setup.py install is deprecated -W ignore:easy_install command is deprecated setup.py egg_info --egg-base build/aruco_detection build --build-base /home/mayuresh/turtlebot3_ws/src/aruco_detection/build/aruco_detection/build install --record /home/mayuresh/turtlebot3_ws/src/aruco_detection/build/aruco_detection/install.log --single-version-externally-managed install_data
[0.937s] running egg_info
[0.938s] writing build/aruco_detection/aruco_detection.egg-info/PKG-INFO
[0.938s] writing dependency_links to build/aruco_detection/aruco_detection.egg-info/dependency_links.txt
[0.938s] writing entry points to build/aruco_detection/aruco_detection.egg-info/entry_points.txt
[0.938s] writing requirements to build/aruco_detection/aruco_detection.egg-info/requires.txt
[0.939s] writing top-level names to build/aruco_detection/aruco_detection.egg-info/top_level.txt
[0.940s] reading manifest file 'build/aruco_detection/aruco_detection.egg-info/SOURCES.txt'
[0.941s] writing manifest file 'build/aruco_detection/aruco_detection.egg-info/SOURCES.txt'
[0.941s] running build
[0.941s] running build_py
[0.941s] copying aruco_detection/docking_base.py -> /home/mayuresh/turtlebot3_ws/src/aruco_detection/build/aruco_detection/build/lib/aruco_detection
[0.942s] running install
[0.942s] running install_lib
[0.943s] copying /home/mayuresh/turtlebot3_ws/src/aruco_detection/build/aruco_detection/build/lib/aruco_detection/docking_base.py -> /home/mayuresh/turtlebot3_ws/src/aruco_detection/install/aruco_detection/lib/python3.10/site-packages/aruco_detection
[0.944s] byte-compiling /home/mayuresh/turtlebot3_ws/src/aruco_detection/install/aruco_detection/lib/python3.10/site-packages/aruco_detection/docking_base.py to docking_base.cpython-310.pyc
[0.946s] running install_data
[0.946s] running install_egg_info
[0.948s] removing '/home/mayuresh/turtlebot3_ws/src/aruco_detection/install/aruco_detection/lib/python3.10/site-packages/aruco_detection-0.0.0-py3.10.egg-info' (and everything under it)
[0.948s] Copying build/aruco_detection/aruco_detection.egg-info to /home/mayuresh/turtlebot3_ws/src/aruco_detection/install/aruco_detection/lib/python3.10/site-packages/aruco_detection-0.0.0-py3.10.egg-info
[0.949s] running install_scripts
[0.970s] Installing camera_node script to /home/mayuresh/turtlebot3_ws/src/aruco_detection/install/aruco_detection/lib/aruco_detection
[0.970s] Installing docking_node script to /home/mayuresh/turtlebot3_ws/src/aruco_detection/install/aruco_detection/lib/aruco_detection
[0.970s] Installing mission_manager script to /home/mayuresh/turtlebot3_ws/src/aruco_detection/install/aruco_detection/lib/aruco_detection
[0.971s] Installing pnp_node script to /home/mayuresh/turtlebot3_ws/src/aruco_detection/install/aruco_detection/lib/aruco_detection
[0.971s] Installing servo_node script to /home/mayuresh/turtlebot3_ws/src/aruco_detection/install/aruco_detection/lib/aruco_detection
[0.971s] Installing task_a_node script to /home/mayuresh/turtlebot3_ws/src/aruco_detection/install/aruco_detection/lib/aruco_detection
[0.971s] Installing task_b_node script to /home/mayuresh/turtlebot3_ws/src/aruco_detection/install/aruco_detection/lib/aruco_detection
[0.971s] writing list of installed files to '/home/mayuresh/turtlebot3_ws/src/aruco_detection/build/aruco_detection/install.log'
[0.993s] Invoked command in '/home/mayuresh/turtlebot3_ws/src/aruco_detection' returned '0': PYTHONPATH=/home/mayuresh/turtlebot3_ws/src/aruco_detection/build/aruco_detection/prefix_override:/usr/lib/python3/dist-packages/colcon_core/task/python/colcon_distutils_commands:/home/mayuresh/turtlebot3_ws/src/aruco_detection/install/aruco_detection/lib/python3.10/site-packages:${PYTHONPATH} /usr/bin/python3 -W ignore:setup.py install is deprecated -W ignore:easy_install command is deprecated setup.py egg_info --egg-base build/aruco_detection build --build-base /home/mayuresh/turtlebot3_ws/src/aruco_detection/build/aruco_detection/build install --record /home/mayuresh/turtlebot3_ws/src/aruco_detection/build/aruco_detection/install.log --single-version-externally-managed install_data
