[0.703s] Invoking command in '/home/mayuresh/turtlebot3_ws/src/aruco_detection': PYTHONPATH=/home/mayuresh/turtlebot3_ws/src/aruco_detection/build/aruco_detection/prefix_override:/usr/lib/python3/dist-packages/colcon_core/task/python/colcon_distutils_commands:/home/mayuresh/turtlebot3_ws/src/aruco_detection/install/aruco_detection/lib/python3.10/site-packages:${PYTHONPATH} /usr/bin/python3 -W ignore:setup.py install is deprecated -W ignore:easy_install command is deprecated setup.py egg_info --egg-base build/aruco_detection build --build-base /home/mayuresh/turtlebot3_ws/src/aruco_detection/build/aruco_detection/build install --record /home/mayuresh/turtlebot3_ws/src/aruco_detection/build/aruco_detection/install.log --single-version-externally-managed install_data
[1.002s] running egg_info
[1.002s] writing build/aruco_detection/aruco_detection.egg-info/PKG-INFO
[1.002s] writing dependency_links to build/aruco_detection/aruco_detection.egg-info/dependency_links.txt
[1.003s] writing entry points to build/aruco_detection/aruco_detection.egg-info/entry_points.txt
[1.003s] writing requirements to build/aruco_detection/aruco_detection.egg-info/requires.txt
[1.003s] writing top-level names to build/aruco_detection/aruco_detection.egg-info/top_level.txt
[1.004s] reading manifest file 'build/aruco_detection/aruco_detection.egg-info/SOURCES.txt'
[1.005s] writing manifest file 'build/aruco_detection/aruco_detection.egg-info/SOURCES.txt'
[1.005s] running build
[1.005s] running build_py
[1.006s] copying aruco_detection/docking_main.py -> /home/mayuresh/turtlebot3_ws/src/aruco_detection/build/aruco_detection/build/lib/aruco_detection
[1.006s] running install
[1.006s] running install_lib
[1.007s] copying /home/mayuresh/turtlebot3_ws/src/aruco_detection/build/aruco_detection/build/lib/aruco_detection/docking_main.py -> /home/mayuresh/turtlebot3_ws/src/aruco_detection/install/aruco_detection/lib/python3.10/site-packages/aruco_detection
[1.008s] byte-compiling /home/mayuresh/turtlebot3_ws/src/aruco_detection/install/aruco_detection/lib/python3.10/site-packages/aruco_detection/docking_main.py to docking_main.cpython-310.pyc
[1.010s] running install_data
[1.010s] running install_egg_info
[1.012s] removing '/home/mayuresh/turtlebot3_ws/src/aruco_detection/install/aruco_detection/lib/python3.10/site-packages/aruco_detection-0.0.0-py3.10.egg-info' (and everything under it)
[1.012s] Copying build/aruco_detection/aruco_detection.egg-info to /home/mayuresh/turtlebot3_ws/src/aruco_detection/install/aruco_detection/lib/python3.10/site-packages/aruco_detection-0.0.0-py3.10.egg-info
[1.013s] running install_scripts
[1.035s] Installing camera_node script to /home/mayuresh/turtlebot3_ws/src/aruco_detection/install/aruco_detection/lib/aruco_detection
[1.035s] Installing docking_node script to /home/mayuresh/turtlebot3_ws/src/aruco_detection/install/aruco_detection/lib/aruco_detection
[1.035s] Installing mission_manager script to /home/mayuresh/turtlebot3_ws/src/aruco_detection/install/aruco_detection/lib/aruco_detection
[1.035s] Installing pnp_node script to /home/mayuresh/turtlebot3_ws/src/aruco_detection/install/aruco_detection/lib/aruco_detection
[1.035s] Installing servo_node script to /home/mayuresh/turtlebot3_ws/src/aruco_detection/install/aruco_detection/lib/aruco_detection
[1.035s] Installing task_a_node script to /home/mayuresh/turtlebot3_ws/src/aruco_detection/install/aruco_detection/lib/aruco_detection
[1.035s] Installing task_b_node script to /home/mayuresh/turtlebot3_ws/src/aruco_detection/install/aruco_detection/lib/aruco_detection
[1.036s] writing list of installed files to '/home/mayuresh/turtlebot3_ws/src/aruco_detection/build/aruco_detection/install.log'
[1.059s] Invoked command in '/home/mayuresh/turtlebot3_ws/src/aruco_detection' returned '0': PYTHONPATH=/home/mayuresh/turtlebot3_ws/src/aruco_detection/build/aruco_detection/prefix_override:/usr/lib/python3/dist-packages/colcon_core/task/python/colcon_distutils_commands:/home/mayuresh/turtlebot3_ws/src/aruco_detection/install/aruco_detection/lib/python3.10/site-packages:${PYTHONPATH} /usr/bin/python3 -W ignore:setup.py install is deprecated -W ignore:easy_install command is deprecated setup.py egg_info --egg-base build/aruco_detection build --build-base /home/mayuresh/turtlebot3_ws/src/aruco_detection/build/aruco_detection/build install --record /home/mayuresh/turtlebot3_ws/src/aruco_detection/build/aruco_detection/install.log --single-version-externally-managed install_data
