[0.673s] Invoking command in '/home/mayuresh/turtlebot3_ws/src/aruco_detection': PYTHONPATH=/home/mayuresh/turtlebot3_ws/src/aruco_detection/build/aruco_detection/prefix_override:/usr/lib/python3/dist-packages/colcon_core/task/python/colcon_distutils_commands:/home/mayuresh/turtlebot3_ws/src/aruco_detection/install/aruco_detection/lib/python3.10/site-packages:${PYTHONPATH} /usr/bin/python3 -W ignore:setup.py install is deprecated -W ignore:easy_install command is deprecated setup.py egg_info --egg-base build/aruco_detection build --build-base /home/mayuresh/turtlebot3_ws/src/aruco_detection/build/aruco_detection/build install --record /home/mayuresh/turtlebot3_ws/src/aruco_detection/build/aruco_detection/install.log --single-version-externally-managed install_data
[0.946s] running egg_info
[0.946s] writing build/aruco_detection/aruco_detection.egg-info/PKG-INFO
[0.947s] writing dependency_links to build/aruco_detection/aruco_detection.egg-info/dependency_links.txt
[0.947s] writing entry points to build/aruco_detection/aruco_detection.egg-info/entry_points.txt
[0.947s] writing requirements to build/aruco_detection/aruco_detection.egg-info/requires.txt
[0.947s] writing top-level names to build/aruco_detection/aruco_detection.egg-info/top_level.txt
[0.949s] reading manifest file 'build/aruco_detection/aruco_detection.egg-info/SOURCES.txt'
[0.950s] writing manifest file 'build/aruco_detection/aruco_detection.egg-info/SOURCES.txt'
[0.950s] running build
[0.950s] running build_py
[0.951s] running install
[0.951s] running install_lib
[0.953s] running install_data
[0.953s] running install_egg_info
[0.955s] removing '/home/mayuresh/turtlebot3_ws/src/aruco_detection/install/aruco_detection/lib/python3.10/site-packages/aruco_detection-0.0.0-py3.10.egg-info' (and everything under it)
[0.955s] Copying build/aruco_detection/aruco_detection.egg-info to /home/mayuresh/turtlebot3_ws/src/aruco_detection/install/aruco_detection/lib/python3.10/site-packages/aruco_detection-0.0.0-py3.10.egg-info
[0.956s] running install_scripts
[0.978s] Installing camera_node script to /home/mayuresh/turtlebot3_ws/src/aruco_detection/install/aruco_detection/lib/aruco_detection
[0.978s] Installing docking_node script to /home/mayuresh/turtlebot3_ws/src/aruco_detection/install/aruco_detection/lib/aruco_detection
[0.978s] Installing mission_manager script to /home/mayuresh/turtlebot3_ws/src/aruco_detection/install/aruco_detection/lib/aruco_detection
[0.978s] Installing pnp_node script to /home/mayuresh/turtlebot3_ws/src/aruco_detection/install/aruco_detection/lib/aruco_detection
[0.978s] Installing servo_node script to /home/mayuresh/turtlebot3_ws/src/aruco_detection/install/aruco_detection/lib/aruco_detection
[0.979s] Installing task_a_node script to /home/mayuresh/turtlebot3_ws/src/aruco_detection/install/aruco_detection/lib/aruco_detection
[0.979s] Installing task_b_node script to /home/mayuresh/turtlebot3_ws/src/aruco_detection/install/aruco_detection/lib/aruco_detection
[0.979s] writing list of installed files to '/home/mayuresh/turtlebot3_ws/src/aruco_detection/build/aruco_detection/install.log'
[1.002s] Invoked command in '/home/mayuresh/turtlebot3_ws/src/aruco_detection' returned '0': PYTHONPATH=/home/mayuresh/turtlebot3_ws/src/aruco_detection/build/aruco_detection/prefix_override:/usr/lib/python3/dist-packages/colcon_core/task/python/colcon_distutils_commands:/home/mayuresh/turtlebot3_ws/src/aruco_detection/install/aruco_detection/lib/python3.10/site-packages:${PYTHONPATH} /usr/bin/python3 -W ignore:setup.py install is deprecated -W ignore:easy_install command is deprecated setup.py egg_info --egg-base build/aruco_detection build --build-base /home/mayuresh/turtlebot3_ws/src/aruco_detection/build/aruco_detection/build install --record /home/mayuresh/turtlebot3_ws/src/aruco_detection/build/aruco_detection/install.log --single-version-externally-managed install_data
